2025-06-30 00:51:27 [SpringApplicationShutdownHook] INFO  o.s.b.w.e.tomcat.GracefulShutdown - Commencing graceful shutdown. Waiting for active requests to complete
2025-06-30 00:51:27 [tomcat-shutdown] INFO  o.s.b.w.e.tomcat.GracefulShutdown - Graceful shutdown complete
2025-06-30 00:51:27 [SpringApplicationShutdownHook] INFO  o.s.o.j.LocalContainerEntityManagerFactoryBean - Closing JPA EntityManagerFactory for persistence unit 'default'
2025-06-30 00:51:27 [SpringApplicationShutdownHook] INFO  com.zaxxer.hikari.HikariDataSource - HikariPool-1 - Shutdown initiated...
2025-06-30 00:51:27 [SpringApplicationShutdownHook] INFO  com.zaxxer.hikari.HikariDataSource - HikariPool-1 - Shutdown completed.
2025-06-30 13:07:39 [main] INFO  c.P.server.ServerApplication - Starting ServerApplication using Java 23.0.2 with PID 22888 (C:\Users\rky27\OneDrive\Desktop\P2P\PeerProbeAI\server\target\classes started by rky27 in C:\Users\rky27\OneDrive\Desktop\P2P\PeerProbeAI\server)
2025-06-30 13:07:39 [main] DEBUG c.P.server.ServerApplication - Running with Spring Boot v3.5.3, Spring v6.2.8
2025-06-30 13:07:39 [main] INFO  c.P.server.ServerApplication - No active profile set, falling back to 1 default profile: "default"
2025-06-30 13:07:40 [main] INFO  o.s.d.r.c.RepositoryConfigurationDelegate - Bootstrapping Spring Data JPA repositories in DEFAULT mode.
2025-06-30 13:07:40 [main] INFO  o.s.d.r.c.RepositoryConfigurationDelegate - Finished Spring Data repository scanning in 101 ms. Found 1 JPA repository interface.
2025-06-30 13:07:42 [main] INFO  o.s.b.w.e.tomcat.TomcatWebServer - Tomcat initialized with port 8080 (http)
2025-06-30 13:07:42 [main] INFO  o.a.catalina.core.StandardService - Starting service [Tomcat]
2025-06-30 13:07:42 [main] INFO  o.a.catalina.core.StandardEngine - Starting Servlet engine: [Apache Tomcat/10.1.42]
2025-06-30 13:07:42 [main] INFO  o.a.c.c.C.[Tomcat].[localhost].[/] - Initializing Spring embedded WebApplicationContext
2025-06-30 13:07:42 [main] INFO  o.s.b.w.s.c.ServletWebServerApplicationContext - Root WebApplicationContext: initialization completed in 2575 ms
2025-06-30 13:07:42 [main] INFO  o.h.jpa.internal.util.LogHelper - HHH000204: Processing PersistenceUnitInfo [name: default]
2025-06-30 13:07:42 [main] INFO  org.hibernate.Version - HHH000412: Hibernate ORM core version 6.6.18.Final
2025-06-30 13:07:42 [main] INFO  o.h.c.i.RegionFactoryInitiator - HHH000026: Second-level cache disabled
2025-06-30 13:07:43 [main] INFO  o.s.o.j.p.SpringPersistenceUnitInfo - No LoadTimeWeaver setup: ignoring JPA class transformer
2025-06-30 13:07:43 [main] INFO  com.zaxxer.hikari.HikariDataSource - HikariPool-1 - Starting...
2025-06-30 13:07:43 [main] INFO  com.zaxxer.hikari.pool.HikariPool - HikariPool-1 - Added connection org.postgresql.jdbc.PgConnection@58182b96
2025-06-30 13:07:43 [main] INFO  com.zaxxer.hikari.HikariDataSource - HikariPool-1 - Start completed.
2025-06-30 13:07:43 [main] INFO  o.hibernate.orm.connections.pooling - HHH10001005: Database info:
	Database JDBC URL [Connecting through datasource 'HikariDataSource (HikariPool-1)']
	Database driver: undefined/unknown
	Database version: 17.5
	Autocommit mode: undefined/unknown
	Isolation level: undefined/unknown
	Minimum pool size: undefined/unknown
	Maximum pool size: undefined/unknown
2025-06-30 13:07:45 [main] INFO  o.h.e.t.j.p.i.JtaPlatformInitiator - HHH000489: No JTA platform available (set 'hibernate.transaction.jta.platform' to enable JTA platform integration)
2025-06-30 13:07:45 [main] INFO  o.s.o.j.LocalContainerEntityManagerFactoryBean - Initialized JPA EntityManagerFactory for persistence unit 'default'
2025-06-30 13:07:45 [main] INFO  o.s.d.j.r.query.QueryEnhancerFactory - Hibernate is in classpath; If applicable, HQL parser will be used.
2025-06-30 13:07:46 [main] DEBUG c.P.s.config.JwtAuthenticationFilter - Filter 'jwtAuthenticationFilter' configured for use
2025-06-30 13:07:46 [main] INFO  c.P.server.config.SecurityConfig - Providing AuthenticationManager...
2025-06-30 13:07:46 [main] INFO  c.P.server.config.SecurityConfig - Providing PasswordEncoder...
2025-06-30 13:07:46 [main] INFO  o.s.s.c.a.a.c.InitializeUserDetailsBeanManagerConfigurer$InitializeUserDetailsManagerConfigurer - Global AuthenticationManager configured with UserDetailsService bean with name userDetailsServiceImpl
2025-06-30 13:07:46 [main] WARN  o.s.b.a.o.j.JpaBaseConfiguration$JpaWebConfiguration - spring.jpa.open-in-view is enabled by default. Therefore, database queries may be performed during view rendering. Explicitly configure spring.jpa.open-in-view to disable this warning
2025-06-30 13:07:47 [main] INFO  c.P.server.config.SecurityConfig - Configuring SecurityFilterChain...
2025-06-30 13:07:47 [main] INFO  c.P.server.config.SecurityConfig - Creating CORS configuration source...
2025-06-30 13:07:47 [main] INFO  c.P.server.config.SecurityConfig - SecurityFilterChain configured.
2025-06-30 13:07:47 [main] INFO  o.s.b.w.e.tomcat.TomcatWebServer - Tomcat started on port 8080 (http) with context path '/'
2025-06-30 13:07:47 [main] INFO  c.P.server.ServerApplication - Started ServerApplication in 9.41 seconds (process running for 11.055)
2025-06-30 13:08:50 [http-nio-8080-exec-1] INFO  o.a.c.c.C.[Tomcat].[localhost].[/] - Initializing Spring DispatcherServlet 'dispatcherServlet'
2025-06-30 13:08:50 [http-nio-8080-exec-1] INFO  o.s.web.servlet.DispatcherServlet - Initializing Servlet 'dispatcherServlet'
2025-06-30 13:08:50 [http-nio-8080-exec-1] INFO  o.s.web.servlet.DispatcherServlet - Completed initialization in 4 ms
2025-06-30 13:31:22 [http-nio-8080-exec-3] INFO  c.P.server.controller.AuthController - Signup attempt for user: Sarikayadav18
2025-06-30 13:31:24 [http-nio-8080-exec-3] INFO  c.P.server.controller.AuthController - User registered successfully: Sarikayadav18
2025-06-30 13:31:36 [http-nio-8080-exec-6] INFO  c.P.server.controller.AuthController - Signin attempt for user: Sarikayadav18
2025-06-30 13:31:37 [http-nio-8080-exec-6] INFO  c.P.server.controller.AuthController - Authentication successful for user: Sarikayadav18
2025-06-30 13:31:37 [http-nio-8080-exec-6] INFO  c.P.server.controller.AuthController - Generating JWT token...
2025-06-30 13:31:37 [http-nio-8080-exec-6] INFO  c.P.server.security.JwtUtils - Starting JWT generation for authentication principal
2025-06-30 13:31:37 [http-nio-8080-exec-6] DEBUG c.P.server.security.JwtUtils - Username: Sarikayadav18
2025-06-30 13:31:37 [http-nio-8080-exec-6] DEBUG c.P.server.security.JwtUtils - Issued at: Mon Jun 30 13:31:37 IST 2025
2025-06-30 13:31:37 [http-nio-8080-exec-6] DEBUG c.P.server.security.JwtUtils - Expiration at: Tue Jul 01 13:31:37 IST 2025
2025-06-30 13:31:37 [http-nio-8080-exec-6] DEBUG c.P.server.security.JwtUtils - Generating signing key from secret
2025-06-30 13:31:37 [http-nio-8080-exec-6] DEBUG c.P.server.security.JwtUtils - Signing key generated successfully
2025-06-30 13:31:37 [http-nio-8080-exec-6] INFO  c.P.server.security.JwtUtils - JWT generated successfully
2025-06-30 13:31:37 [http-nio-8080-exec-6] INFO  c.P.server.controller.AuthController - JWT token generated: eyJhbGciOiJIUzUxMiJ9.eyJzdWIiOiJTYXJpa2F5YWRhdjE4IiwiaWF0IjoxNzUxMjcwNDk3LCJleHAiOjE3NTEzNTY4OTd9.UciePYQ0TJwuhTBEjT9aZ-Jbi7vlEVwyl2HlzJQ2vfStTVQIJwnvL8b3gqWKTOb1JEHJMhYwqDx2mCx0ws1nRg
2025-06-30 13:31:37 [http-nio-8080-exec-6] INFO  c.P.server.controller.AuthController - Getting UserDetailsImpl from Authentication principal...
2025-06-30 13:31:37 [http-nio-8080-exec-6] INFO  c.P.server.controller.AuthController - Principal class: com.PeerProbeAI.server.security.UserDetailsImpl
2025-06-30 13:31:37 [http-nio-8080-exec-6] INFO  c.P.server.controller.AuthController - Building role list...
2025-06-30 13:31:37 [http-nio-8080-exec-6] INFO  c.P.server.controller.AuthController - Returning JwtResponse...
2025-06-30 13:31:37 [http-nio-8080-exec-9] INFO  c.P.server.security.JwtUtils - Validating JWT token
2025-06-30 13:31:37 [http-nio-8080-exec-9] DEBUG c.P.server.security.JwtUtils - Generating signing key from secret
2025-06-30 13:31:37 [http-nio-8080-exec-9] DEBUG c.P.server.security.JwtUtils - Signing key generated successfully
2025-06-30 13:31:38 [http-nio-8080-exec-9] INFO  c.P.server.security.JwtUtils - JWT token is valid
2025-06-30 13:31:38 [http-nio-8080-exec-9] INFO  c.P.server.security.JwtUtils - Extracting username from JWT token
2025-06-30 13:31:38 [http-nio-8080-exec-9] DEBUG c.P.server.security.JwtUtils - Generating signing key from secret
2025-06-30 13:31:38 [http-nio-8080-exec-9] DEBUG c.P.server.security.JwtUtils - Signing key generated successfully
2025-06-30 13:31:38 [http-nio-8080-exec-9] DEBUG c.P.server.security.JwtUtils - Username extracted: Sarikayadav18
2025-06-30 13:31:38 [http-nio-8080-exec-9] INFO  c.P.server.security.JwtUtils - Extracting username from JWT token
2025-06-30 13:31:38 [http-nio-8080-exec-9] DEBUG c.P.server.security.JwtUtils - Generating signing key from secret
2025-06-30 13:31:38 [http-nio-8080-exec-9] DEBUG c.P.server.security.JwtUtils - Signing key generated successfully
2025-06-30 13:31:38 [http-nio-8080-exec-9] DEBUG c.P.server.security.JwtUtils - Username extracted: Sarikayadav18
2025-06-30 13:31:38 [http-nio-8080-exec-10] INFO  c.P.server.security.JwtUtils - Validating JWT token
2025-06-30 13:31:38 [http-nio-8080-exec-10] DEBUG c.P.server.security.JwtUtils - Generating signing key from secret
2025-06-30 13:31:38 [http-nio-8080-exec-10] DEBUG c.P.server.security.JwtUtils - Signing key generated successfully
2025-06-30 13:31:38 [http-nio-8080-exec-10] INFO  c.P.server.security.JwtUtils - JWT token is valid
2025-06-30 13:31:38 [http-nio-8080-exec-10] INFO  c.P.server.security.JwtUtils - Extracting username from JWT token
2025-06-30 13:31:38 [http-nio-8080-exec-10] DEBUG c.P.server.security.JwtUtils - Generating signing key from secret
2025-06-30 13:31:38 [http-nio-8080-exec-10] DEBUG c.P.server.security.JwtUtils - Signing key generated successfully
2025-06-30 13:31:38 [http-nio-8080-exec-10] DEBUG c.P.server.security.JwtUtils - Username extracted: Sarikayadav18
2025-06-30 13:31:38 [http-nio-8080-exec-10] INFO  c.P.server.security.JwtUtils - Extracting username from JWT token
2025-06-30 13:31:38 [http-nio-8080-exec-10] DEBUG c.P.server.security.JwtUtils - Generating signing key from secret
2025-06-30 13:31:38 [http-nio-8080-exec-10] DEBUG c.P.server.security.JwtUtils - Signing key generated successfully
2025-06-30 13:31:38 [http-nio-8080-exec-10] DEBUG c.P.server.security.JwtUtils - Username extracted: Sarikayadav18
2025-06-30 13:31:57 [http-nio-8080-exec-5] INFO  c.P.server.security.JwtUtils - Validating JWT token
2025-06-30 13:31:57 [http-nio-8080-exec-5] DEBUG c.P.server.security.JwtUtils - Generating signing key from secret
2025-06-30 13:31:57 [http-nio-8080-exec-5] DEBUG c.P.server.security.JwtUtils - Signing key generated successfully
2025-06-30 13:31:57 [http-nio-8080-exec-5] INFO  c.P.server.security.JwtUtils - JWT token is valid
2025-06-30 13:31:57 [http-nio-8080-exec-5] INFO  c.P.server.security.JwtUtils - Extracting username from JWT token
2025-06-30 13:31:57 [http-nio-8080-exec-5] DEBUG c.P.server.security.JwtUtils - Generating signing key from secret
2025-06-30 13:31:57 [http-nio-8080-exec-5] DEBUG c.P.server.security.JwtUtils - Signing key generated successfully
2025-06-30 13:31:57 [http-nio-8080-exec-5] DEBUG c.P.server.security.JwtUtils - Username extracted: Sarikayadav18
2025-06-30 13:31:57 [http-nio-8080-exec-5] INFO  c.P.server.security.JwtUtils - Extracting username from JWT token
2025-06-30 13:31:57 [http-nio-8080-exec-5] DEBUG c.P.server.security.JwtUtils - Generating signing key from secret
2025-06-30 13:31:57 [http-nio-8080-exec-5] DEBUG c.P.server.security.JwtUtils - Signing key generated successfully
2025-06-30 13:31:57 [http-nio-8080-exec-5] DEBUG c.P.server.security.JwtUtils - Username extracted: Sarikayadav18
2025-06-30 13:31:57 [http-nio-8080-exec-6] INFO  c.P.server.security.JwtUtils - Validating JWT token
2025-06-30 13:31:57 [http-nio-8080-exec-6] DEBUG c.P.server.security.JwtUtils - Generating signing key from secret
2025-06-30 13:31:57 [http-nio-8080-exec-6] DEBUG c.P.server.security.JwtUtils - Signing key generated successfully
2025-06-30 13:31:57 [http-nio-8080-exec-6] INFO  c.P.server.security.JwtUtils - JWT token is valid
2025-06-30 13:31:57 [http-nio-8080-exec-6] INFO  c.P.server.security.JwtUtils - Extracting username from JWT token
2025-06-30 13:31:57 [http-nio-8080-exec-6] DEBUG c.P.server.security.JwtUtils - Generating signing key from secret
2025-06-30 13:31:57 [http-nio-8080-exec-6] DEBUG c.P.server.security.JwtUtils - Signing key generated successfully
2025-06-30 13:31:57 [http-nio-8080-exec-6] DEBUG c.P.server.security.JwtUtils - Username extracted: Sarikayadav18
2025-06-30 13:31:57 [http-nio-8080-exec-6] INFO  c.P.server.security.JwtUtils - Extracting username from JWT token
2025-06-30 13:31:57 [http-nio-8080-exec-6] DEBUG c.P.server.security.JwtUtils - Generating signing key from secret
2025-06-30 13:31:57 [http-nio-8080-exec-6] DEBUG c.P.server.security.JwtUtils - Signing key generated successfully
2025-06-30 13:31:57 [http-nio-8080-exec-6] DEBUG c.P.server.security.JwtUtils - Username extracted: Sarikayadav18
2025-06-30 13:32:40 [http-nio-8080-exec-10] INFO  c.P.server.controller.AuthController - Signin attempt for user: Sarikayadav18
2025-06-30 13:32:40 [http-nio-8080-exec-10] INFO  c.P.server.controller.AuthController - Authentication successful for user: Sarikayadav18
2025-06-30 13:32:40 [http-nio-8080-exec-10] INFO  c.P.server.controller.AuthController - Generating JWT token...
2025-06-30 13:32:40 [http-nio-8080-exec-10] INFO  c.P.server.security.JwtUtils - Starting JWT generation for authentication principal
2025-06-30 13:32:40 [http-nio-8080-exec-10] DEBUG c.P.server.security.JwtUtils - Username: Sarikayadav18
2025-06-30 13:32:40 [http-nio-8080-exec-10] DEBUG c.P.server.security.JwtUtils - Issued at: Mon Jun 30 13:32:40 IST 2025
2025-06-30 13:32:40 [http-nio-8080-exec-10] DEBUG c.P.server.security.JwtUtils - Expiration at: Tue Jul 01 13:32:40 IST 2025
2025-06-30 13:32:40 [http-nio-8080-exec-10] DEBUG c.P.server.security.JwtUtils - Generating signing key from secret
2025-06-30 13:32:40 [http-nio-8080-exec-10] DEBUG c.P.server.security.JwtUtils - Signing key generated successfully
2025-06-30 13:32:40 [http-nio-8080-exec-10] INFO  c.P.server.security.JwtUtils - JWT generated successfully
2025-06-30 13:32:40 [http-nio-8080-exec-10] INFO  c.P.server.controller.AuthController - JWT token generated: eyJhbGciOiJIUzUxMiJ9.eyJzdWIiOiJTYXJpa2F5YWRhdjE4IiwiaWF0IjoxNzUxMjcwNTYwLCJleHAiOjE3NTEzNTY5NjB9.R0gaaoJ_hUC-AbveSP9TH7qNPAu7SwpXZbaKK0-b5P6YGb3cAbbXaEr_gNRU4bnAJ0NkC5Ne_KzrYdPu8184oA
2025-06-30 13:32:40 [http-nio-8080-exec-10] INFO  c.P.server.controller.AuthController - Getting UserDetailsImpl from Authentication principal...
2025-06-30 13:32:40 [http-nio-8080-exec-10] INFO  c.P.server.controller.AuthController - Principal class: com.PeerProbeAI.server.security.UserDetailsImpl
2025-06-30 13:32:40 [http-nio-8080-exec-10] INFO  c.P.server.controller.AuthController - Building role list...
2025-06-30 13:32:40 [http-nio-8080-exec-10] INFO  c.P.server.controller.AuthController - Returning JwtResponse...
2025-06-30 13:32:40 [http-nio-8080-exec-3] INFO  c.P.server.security.JwtUtils - Validating JWT token
2025-06-30 13:32:40 [http-nio-8080-exec-3] DEBUG c.P.server.security.JwtUtils - Generating signing key from secret
2025-06-30 13:32:40 [http-nio-8080-exec-3] DEBUG c.P.server.security.JwtUtils - Signing key generated successfully
2025-06-30 13:32:40 [http-nio-8080-exec-3] INFO  c.P.server.security.JwtUtils - JWT token is valid
2025-06-30 13:32:40 [http-nio-8080-exec-3] INFO  c.P.server.security.JwtUtils - Extracting username from JWT token
2025-06-30 13:32:40 [http-nio-8080-exec-3] DEBUG c.P.server.security.JwtUtils - Generating signing key from secret
2025-06-30 13:32:40 [http-nio-8080-exec-3] DEBUG c.P.server.security.JwtUtils - Signing key generated successfully
2025-06-30 13:32:40 [http-nio-8080-exec-3] DEBUG c.P.server.security.JwtUtils - Username extracted: Sarikayadav18
2025-06-30 13:32:40 [http-nio-8080-exec-3] INFO  c.P.server.security.JwtUtils - Extracting username from JWT token
2025-06-30 13:32:40 [http-nio-8080-exec-3] DEBUG c.P.server.security.JwtUtils - Generating signing key from secret
2025-06-30 13:32:40 [http-nio-8080-exec-3] DEBUG c.P.server.security.JwtUtils - Signing key generated successfully
2025-06-30 13:32:40 [http-nio-8080-exec-3] DEBUG c.P.server.security.JwtUtils - Username extracted: Sarikayadav18
2025-06-30 13:32:40 [http-nio-8080-exec-4] INFO  c.P.server.security.JwtUtils - Validating JWT token
2025-06-30 13:32:40 [http-nio-8080-exec-4] DEBUG c.P.server.security.JwtUtils - Generating signing key from secret
2025-06-30 13:32:40 [http-nio-8080-exec-4] DEBUG c.P.server.security.JwtUtils - Signing key generated successfully
2025-06-30 13:32:40 [http-nio-8080-exec-4] INFO  c.P.server.security.JwtUtils - JWT token is valid
2025-06-30 13:32:40 [http-nio-8080-exec-4] INFO  c.P.server.security.JwtUtils - Extracting username from JWT token
2025-06-30 13:32:40 [http-nio-8080-exec-4] DEBUG c.P.server.security.JwtUtils - Generating signing key from secret
2025-06-30 13:32:40 [http-nio-8080-exec-4] DEBUG c.P.server.security.JwtUtils - Signing key generated successfully
2025-06-30 13:32:40 [http-nio-8080-exec-4] DEBUG c.P.server.security.JwtUtils - Username extracted: Sarikayadav18
2025-06-30 13:32:40 [http-nio-8080-exec-4] INFO  c.P.server.security.JwtUtils - Extracting username from JWT token
2025-06-30 13:32:40 [http-nio-8080-exec-4] DEBUG c.P.server.security.JwtUtils - Generating signing key from secret
2025-06-30 13:32:40 [http-nio-8080-exec-4] DEBUG c.P.server.security.JwtUtils - Signing key generated successfully
2025-06-30 13:32:40 [http-nio-8080-exec-4] DEBUG c.P.server.security.JwtUtils - Username extracted: Sarikayadav18
2025-06-30 13:33:01 [http-nio-8080-exec-9] INFO  c.P.server.security.JwtUtils - Validating JWT token
2025-06-30 13:33:01 [http-nio-8080-exec-9] DEBUG c.P.server.security.JwtUtils - Generating signing key from secret
2025-06-30 13:33:01 [http-nio-8080-exec-9] DEBUG c.P.server.security.JwtUtils - Signing key generated successfully
2025-06-30 13:33:01 [http-nio-8080-exec-9] INFO  c.P.server.security.JwtUtils - JWT token is valid
2025-06-30 13:33:01 [http-nio-8080-exec-9] INFO  c.P.server.security.JwtUtils - Extracting username from JWT token
2025-06-30 13:33:01 [http-nio-8080-exec-9] DEBUG c.P.server.security.JwtUtils - Generating signing key from secret
2025-06-30 13:33:01 [http-nio-8080-exec-9] DEBUG c.P.server.security.JwtUtils - Signing key generated successfully
2025-06-30 13:33:01 [http-nio-8080-exec-9] DEBUG c.P.server.security.JwtUtils - Username extracted: Sarikayadav18
2025-06-30 13:33:01 [http-nio-8080-exec-9] INFO  c.P.server.security.JwtUtils - Extracting username from JWT token
2025-06-30 13:33:01 [http-nio-8080-exec-9] DEBUG c.P.server.security.JwtUtils - Generating signing key from secret
2025-06-30 13:33:01 [http-nio-8080-exec-9] DEBUG c.P.server.security.JwtUtils - Signing key generated successfully
2025-06-30 13:33:01 [http-nio-8080-exec-9] DEBUG c.P.server.security.JwtUtils - Username extracted: Sarikayadav18
2025-06-30 13:33:01 [http-nio-8080-exec-10] INFO  c.P.server.security.JwtUtils - Validating JWT token
2025-06-30 13:33:01 [http-nio-8080-exec-10] DEBUG c.P.server.security.JwtUtils - Generating signing key from secret
2025-06-30 13:33:01 [http-nio-8080-exec-10] DEBUG c.P.server.security.JwtUtils - Signing key generated successfully
2025-06-30 13:33:01 [http-nio-8080-exec-10] INFO  c.P.server.security.JwtUtils - JWT token is valid
2025-06-30 13:33:01 [http-nio-8080-exec-10] INFO  c.P.server.security.JwtUtils - Extracting username from JWT token
2025-06-30 13:33:01 [http-nio-8080-exec-10] DEBUG c.P.server.security.JwtUtils - Generating signing key from secret
2025-06-30 13:33:01 [http-nio-8080-exec-10] DEBUG c.P.server.security.JwtUtils - Signing key generated successfully
2025-06-30 13:33:01 [http-nio-8080-exec-10] DEBUG c.P.server.security.JwtUtils - Username extracted: Sarikayadav18
2025-06-30 13:33:01 [http-nio-8080-exec-10] INFO  c.P.server.security.JwtUtils - Extracting username from JWT token
2025-06-30 13:33:01 [http-nio-8080-exec-10] DEBUG c.P.server.security.JwtUtils - Generating signing key from secret
2025-06-30 13:33:01 [http-nio-8080-exec-10] DEBUG c.P.server.security.JwtUtils - Signing key generated successfully
2025-06-30 13:33:01 [http-nio-8080-exec-10] DEBUG c.P.server.security.JwtUtils - Username extracted: Sarikayadav18
2025-06-30 13:33:12 [http-nio-8080-exec-5] INFO  c.P.server.security.JwtUtils - Validating JWT token
2025-06-30 13:33:12 [http-nio-8080-exec-5] DEBUG c.P.server.security.JwtUtils - Generating signing key from secret
2025-06-30 13:33:12 [http-nio-8080-exec-5] DEBUG c.P.server.security.JwtUtils - Signing key generated successfully
2025-06-30 13:33:12 [http-nio-8080-exec-5] INFO  c.P.server.security.JwtUtils - JWT token is valid
2025-06-30 13:33:12 [http-nio-8080-exec-5] INFO  c.P.server.security.JwtUtils - Extracting username from JWT token
2025-06-30 13:33:12 [http-nio-8080-exec-5] DEBUG c.P.server.security.JwtUtils - Generating signing key from secret
2025-06-30 13:33:12 [http-nio-8080-exec-5] DEBUG c.P.server.security.JwtUtils - Signing key generated successfully
2025-06-30 13:33:12 [http-nio-8080-exec-5] DEBUG c.P.server.security.JwtUtils - Username extracted: Sarikayadav18
2025-06-30 13:33:12 [http-nio-8080-exec-5] INFO  c.P.server.security.JwtUtils - Extracting username from JWT token
2025-06-30 13:33:12 [http-nio-8080-exec-5] DEBUG c.P.server.security.JwtUtils - Generating signing key from secret
2025-06-30 13:33:12 [http-nio-8080-exec-5] DEBUG c.P.server.security.JwtUtils - Signing key generated successfully
2025-06-30 13:33:12 [http-nio-8080-exec-5] DEBUG c.P.server.security.JwtUtils - Username extracted: Sarikayadav18
2025-06-30 13:33:12 [http-nio-8080-exec-6] INFO  c.P.server.security.JwtUtils - Validating JWT token
2025-06-30 13:33:12 [http-nio-8080-exec-6] DEBUG c.P.server.security.JwtUtils - Generating signing key from secret
2025-06-30 13:33:12 [http-nio-8080-exec-6] DEBUG c.P.server.security.JwtUtils - Signing key generated successfully
2025-06-30 13:33:12 [http-nio-8080-exec-6] INFO  c.P.server.security.JwtUtils - JWT token is valid
2025-06-30 13:33:12 [http-nio-8080-exec-6] INFO  c.P.server.security.JwtUtils - Extracting username from JWT token
2025-06-30 13:33:12 [http-nio-8080-exec-6] DEBUG c.P.server.security.JwtUtils - Generating signing key from secret
2025-06-30 13:33:12 [http-nio-8080-exec-6] DEBUG c.P.server.security.JwtUtils - Signing key generated successfully
2025-06-30 13:33:12 [http-nio-8080-exec-6] DEBUG c.P.server.security.JwtUtils - Username extracted: Sarikayadav18
2025-06-30 13:33:12 [http-nio-8080-exec-6] INFO  c.P.server.security.JwtUtils - Extracting username from JWT token
2025-06-30 13:33:12 [http-nio-8080-exec-6] DEBUG c.P.server.security.JwtUtils - Generating signing key from secret
2025-06-30 13:33:12 [http-nio-8080-exec-6] DEBUG c.P.server.security.JwtUtils - Signing key generated successfully
2025-06-30 13:33:12 [http-nio-8080-exec-6] DEBUG c.P.server.security.JwtUtils - Username extracted: Sarikayadav18
2025-06-30 13:33:17 [http-nio-8080-exec-8] INFO  c.P.server.security.JwtUtils - Validating JWT token
2025-06-30 13:33:17 [http-nio-8080-exec-8] DEBUG c.P.server.security.JwtUtils - Generating signing key from secret
2025-06-30 13:33:17 [http-nio-8080-exec-8] DEBUG c.P.server.security.JwtUtils - Signing key generated successfully
2025-06-30 13:33:17 [http-nio-8080-exec-8] INFO  c.P.server.security.JwtUtils - JWT token is valid
2025-06-30 13:33:17 [http-nio-8080-exec-8] INFO  c.P.server.security.JwtUtils - Extracting username from JWT token
2025-06-30 13:33:17 [http-nio-8080-exec-8] DEBUG c.P.server.security.JwtUtils - Generating signing key from secret
2025-06-30 13:33:17 [http-nio-8080-exec-8] DEBUG c.P.server.security.JwtUtils - Signing key generated successfully
2025-06-30 13:33:17 [http-nio-8080-exec-8] DEBUG c.P.server.security.JwtUtils - Username extracted: Sarikayadav18
2025-06-30 13:33:17 [http-nio-8080-exec-8] INFO  c.P.server.security.JwtUtils - Extracting username from JWT token
2025-06-30 13:33:17 [http-nio-8080-exec-8] DEBUG c.P.server.security.JwtUtils - Generating signing key from secret
2025-06-30 13:33:17 [http-nio-8080-exec-8] DEBUG c.P.server.security.JwtUtils - Signing key generated successfully
2025-06-30 13:33:17 [http-nio-8080-exec-8] DEBUG c.P.server.security.JwtUtils - Username extracted: Sarikayadav18
2025-06-30 13:33:17 [http-nio-8080-exec-7] INFO  c.P.server.security.JwtUtils - Validating JWT token
2025-06-30 13:33:17 [http-nio-8080-exec-7] DEBUG c.P.server.security.JwtUtils - Generating signing key from secret
2025-06-30 13:33:17 [http-nio-8080-exec-7] DEBUG c.P.server.security.JwtUtils - Signing key generated successfully
2025-06-30 13:33:17 [http-nio-8080-exec-7] INFO  c.P.server.security.JwtUtils - JWT token is valid
2025-06-30 13:33:17 [http-nio-8080-exec-7] INFO  c.P.server.security.JwtUtils - Extracting username from JWT token
2025-06-30 13:33:17 [http-nio-8080-exec-7] DEBUG c.P.server.security.JwtUtils - Generating signing key from secret
2025-06-30 13:33:17 [http-nio-8080-exec-7] DEBUG c.P.server.security.JwtUtils - Signing key generated successfully
2025-06-30 13:33:17 [http-nio-8080-exec-7] DEBUG c.P.server.security.JwtUtils - Username extracted: Sarikayadav18
2025-06-30 13:33:17 [http-nio-8080-exec-7] INFO  c.P.server.security.JwtUtils - Extracting username from JWT token
2025-06-30 13:33:17 [http-nio-8080-exec-7] DEBUG c.P.server.security.JwtUtils - Generating signing key from secret
2025-06-30 13:33:17 [http-nio-8080-exec-7] DEBUG c.P.server.security.JwtUtils - Signing key generated successfully
2025-06-30 13:33:17 [http-nio-8080-exec-7] DEBUG c.P.server.security.JwtUtils - Username extracted: Sarikayadav18
2025-06-30 13:33:36 [http-nio-8080-exec-1] INFO  c.P.server.controller.AuthController - Signin attempt for user: Sarikayadav18
2025-06-30 13:33:37 [http-nio-8080-exec-1] INFO  c.P.server.controller.AuthController - Authentication successful for user: Sarikayadav18
2025-06-30 13:33:37 [http-nio-8080-exec-1] INFO  c.P.server.controller.AuthController - Generating JWT token...
2025-06-30 13:33:37 [http-nio-8080-exec-1] INFO  c.P.server.security.JwtUtils - Starting JWT generation for authentication principal
2025-06-30 13:33:37 [http-nio-8080-exec-1] DEBUG c.P.server.security.JwtUtils - Username: Sarikayadav18
2025-06-30 13:33:37 [http-nio-8080-exec-1] DEBUG c.P.server.security.JwtUtils - Issued at: Mon Jun 30 13:33:37 IST 2025
2025-06-30 13:33:37 [http-nio-8080-exec-1] DEBUG c.P.server.security.JwtUtils - Expiration at: Tue Jul 01 13:33:37 IST 2025
2025-06-30 13:33:37 [http-nio-8080-exec-1] DEBUG c.P.server.security.JwtUtils - Generating signing key from secret
2025-06-30 13:33:37 [http-nio-8080-exec-1] DEBUG c.P.server.security.JwtUtils - Signing key generated successfully
2025-06-30 13:33:37 [http-nio-8080-exec-1] INFO  c.P.server.security.JwtUtils - JWT generated successfully
2025-06-30 13:33:37 [http-nio-8080-exec-1] INFO  c.P.server.controller.AuthController - JWT token generated: eyJhbGciOiJIUzUxMiJ9.eyJzdWIiOiJTYXJpa2F5YWRhdjE4IiwiaWF0IjoxNzUxMjcwNjE3LCJleHAiOjE3NTEzNTcwMTd9.QDrP8GNCoohJy2N3S-V0VLO_MrDEftbZ5pCZDFD_SivQAI1E1wZWamBCJRqmpCxFmeC9C25kvZO5xkt-BdvQfw
2025-06-30 13:33:37 [http-nio-8080-exec-1] INFO  c.P.server.controller.AuthController - Getting UserDetailsImpl from Authentication principal...
2025-06-30 13:33:37 [http-nio-8080-exec-1] INFO  c.P.server.controller.AuthController - Principal class: com.PeerProbeAI.server.security.UserDetailsImpl
2025-06-30 13:33:37 [http-nio-8080-exec-1] INFO  c.P.server.controller.AuthController - Building role list...
2025-06-30 13:33:37 [http-nio-8080-exec-1] INFO  c.P.server.controller.AuthController - Returning JwtResponse...
2025-06-30 13:33:37 [http-nio-8080-exec-5] INFO  c.P.server.security.JwtUtils - Validating JWT token
2025-06-30 13:33:37 [http-nio-8080-exec-5] DEBUG c.P.server.security.JwtUtils - Generating signing key from secret
2025-06-30 13:33:37 [http-nio-8080-exec-5] DEBUG c.P.server.security.JwtUtils - Signing key generated successfully
2025-06-30 13:33:37 [http-nio-8080-exec-5] INFO  c.P.server.security.JwtUtils - JWT token is valid
2025-06-30 13:33:37 [http-nio-8080-exec-5] INFO  c.P.server.security.JwtUtils - Extracting username from JWT token
2025-06-30 13:33:37 [http-nio-8080-exec-5] DEBUG c.P.server.security.JwtUtils - Generating signing key from secret
2025-06-30 13:33:37 [http-nio-8080-exec-5] DEBUG c.P.server.security.JwtUtils - Signing key generated successfully
2025-06-30 13:33:37 [http-nio-8080-exec-5] DEBUG c.P.server.security.JwtUtils - Username extracted: Sarikayadav18
2025-06-30 13:33:37 [http-nio-8080-exec-5] INFO  c.P.server.security.JwtUtils - Extracting username from JWT token
2025-06-30 13:33:37 [http-nio-8080-exec-5] DEBUG c.P.server.security.JwtUtils - Generating signing key from secret
2025-06-30 13:33:37 [http-nio-8080-exec-5] DEBUG c.P.server.security.JwtUtils - Signing key generated successfully
2025-06-30 13:33:37 [http-nio-8080-exec-5] DEBUG c.P.server.security.JwtUtils - Username extracted: Sarikayadav18
2025-06-30 13:33:37 [http-nio-8080-exec-6] INFO  c.P.server.security.JwtUtils - Validating JWT token
2025-06-30 13:33:37 [http-nio-8080-exec-6] DEBUG c.P.server.security.JwtUtils - Generating signing key from secret
2025-06-30 13:33:37 [http-nio-8080-exec-6] DEBUG c.P.server.security.JwtUtils - Signing key generated successfully
2025-06-30 13:33:37 [http-nio-8080-exec-6] INFO  c.P.server.security.JwtUtils - JWT token is valid
2025-06-30 13:33:37 [http-nio-8080-exec-6] INFO  c.P.server.security.JwtUtils - Extracting username from JWT token
2025-06-30 13:33:37 [http-nio-8080-exec-6] DEBUG c.P.server.security.JwtUtils - Generating signing key from secret
2025-06-30 13:33:37 [http-nio-8080-exec-6] DEBUG c.P.server.security.JwtUtils - Signing key generated successfully
2025-06-30 13:33:37 [http-nio-8080-exec-6] DEBUG c.P.server.security.JwtUtils - Username extracted: Sarikayadav18
2025-06-30 13:33:37 [http-nio-8080-exec-6] INFO  c.P.server.security.JwtUtils - Extracting username from JWT token
2025-06-30 13:33:37 [http-nio-8080-exec-6] DEBUG c.P.server.security.JwtUtils - Generating signing key from secret
2025-06-30 13:33:37 [http-nio-8080-exec-6] DEBUG c.P.server.security.JwtUtils - Signing key generated successfully
2025-06-30 13:33:37 [http-nio-8080-exec-6] DEBUG c.P.server.security.JwtUtils - Username extracted: Sarikayadav18
2025-06-30 13:35:46 [http-nio-8080-exec-9] INFO  c.P.server.controller.AuthController - Signup attempt for user: rky
2025-06-30 13:35:47 [http-nio-8080-exec-9] INFO  c.P.server.controller.AuthController - User registered successfully: rky
2025-06-30 13:36:24 [http-nio-8080-exec-1] INFO  c.P.server.controller.AuthController - Signin attempt for user: rky
2025-06-30 13:36:25 [http-nio-8080-exec-1] ERROR c.P.server.controller.AuthController - Authentication failed for user: rky
org.springframework.security.authentication.BadCredentialsException: Bad credentials
	at org.springframework.security.authentication.dao.DaoAuthenticationProvider.additionalAuthenticationChecks(DaoAuthenticationProvider.java:107)
	at org.springframework.security.authentication.dao.AbstractUserDetailsAuthenticationProvider.authenticate(AbstractUserDetailsAuthenticationProvider.java:150)
	at org.springframework.security.authentication.ProviderManager.authenticate(ProviderManager.java:182)
	at com.PeerProbeAI.server.controller.AuthController.authenticateUser(AuthController.java:49)
	at java.base/jdk.internal.reflect.DirectMethodHandleAccessor.invoke(DirectMethodHandleAccessor.java:103)
	at java.base/java.lang.reflect.Method.invoke(Method.java:580)
	at org.springframework.web.method.support.InvocableHandlerMethod.doInvoke(InvocableHandlerMethod.java:258)
	at org.springframework.web.method.support.InvocableHandlerMethod.invokeForRequest(InvocableHandlerMethod.java:191)
	at org.springframework.web.servlet.mvc.method.annotation.ServletInvocableHandlerMethod.invokeAndHandle(ServletInvocableHandlerMethod.java:118)
	at org.springframework.web.servlet.mvc.method.annotation.RequestMappingHandlerAdapter.invokeHandlerMethod(RequestMappingHandlerAdapter.java:986)
	at org.springframework.web.servlet.mvc.method.annotation.RequestMappingHandlerAdapter.handleInternal(RequestMappingHandlerAdapter.java:891)
	at org.springframework.web.servlet.mvc.method.AbstractHandlerMethodAdapter.handle(AbstractHandlerMethodAdapter.java:87)
	at org.springframework.web.servlet.DispatcherServlet.doDispatch(DispatcherServlet.java:1089)
	at org.springframework.web.servlet.DispatcherServlet.doService(DispatcherServlet.java:979)
	at org.springframework.web.servlet.FrameworkServlet.processRequest(FrameworkServlet.java:1014)
	at org.springframework.web.servlet.FrameworkServlet.doPost(FrameworkServlet.java:914)
	at jakarta.servlet.http.HttpServlet.service(HttpServlet.java:590)
	at org.springframework.web.servlet.FrameworkServlet.service(FrameworkServlet.java:885)
	at jakarta.servlet.http.HttpServlet.service(HttpServlet.java:658)
	at org.apache.catalina.core.ApplicationFilterChain.internalDoFilter(ApplicationFilterChain.java:195)
	at org.apache.catalina.core.ApplicationFilterChain.doFilter(ApplicationFilterChain.java:140)
	at org.apache.tomcat.websocket.server.WsFilter.doFilter(WsFilter.java:51)
	at org.apache.catalina.core.ApplicationFilterChain.internalDoFilter(ApplicationFilterChain.java:164)
	at org.apache.catalina.core.ApplicationFilterChain.doFilter(ApplicationFilterChain.java:140)
	at org.springframework.web.filter.OncePerRequestFilter.doFilter(OncePerRequestFilter.java:110)
	at org.apache.catalina.core.ApplicationFilterChain.internalDoFilter(ApplicationFilterChain.java:164)
	at org.apache.catalina.core.ApplicationFilterChain.doFilter(ApplicationFilterChain.java:140)
	at org.springframework.web.filter.CompositeFilter$VirtualFilterChain.doFilter(CompositeFilter.java:108)
	at org.springframework.web.filter.CompositeFilter$VirtualFilterChain.doFilter(CompositeFilter.java:108)
	at org.springframework.security.web.FilterChainProxy.lambda$doFilterInternal$3(FilterChainProxy.java:231)
	at org.springframework.security.web.FilterChainProxy$VirtualFilterChain.doFilter(FilterChainProxy.java:365)
	at org.springframework.security.web.access.intercept.AuthorizationFilter.doFilter(AuthorizationFilter.java:101)
	at org.springframework.security.web.FilterChainProxy$VirtualFilterChain.doFilter(FilterChainProxy.java:374)
	at org.springframework.security.web.access.ExceptionTranslationFilter.doFilter(ExceptionTranslationFilter.java:125)
	at org.springframework.security.web.access.ExceptionTranslationFilter.doFilter(ExceptionTranslationFilter.java:119)
	at org.springframework.security.web.FilterChainProxy$VirtualFilterChain.doFilter(FilterChainProxy.java:374)
	at org.springframework.security.web.session.SessionManagementFilter.doFilter(SessionManagementFilter.java:131)
	at org.springframework.security.web.session.SessionManagementFilter.doFilter(SessionManagementFilter.java:85)
	at org.springframework.security.web.FilterChainProxy$VirtualFilterChain.doFilter(FilterChainProxy.java:374)
	at org.springframework.security.web.authentication.AnonymousAuthenticationFilter.doFilter(AnonymousAuthenticationFilter.java:100)
	at org.springframework.security.web.FilterChainProxy$VirtualFilterChain.doFilter(FilterChainProxy.java:374)
	at org.springframework.security.web.servletapi.SecurityContextHolderAwareRequestFilter.doFilter(SecurityContextHolderAwareRequestFilter.java:179)
	at org.springframework.security.web.FilterChainProxy$VirtualFilterChain.doFilter(FilterChainProxy.java:374)
	at org.springframework.security.web.savedrequest.RequestCacheAwareFilter.doFilter(RequestCacheAwareFilter.java:63)
	at org.springframework.security.web.FilterChainProxy$VirtualFilterChain.doFilter(FilterChainProxy.java:374)
	at com.PeerProbeAI.server.config.JwtAuthenticationFilter.doFilterInternal(JwtAuthenticationFilter.java:57)
	at org.springframework.web.filter.OncePerRequestFilter.doFilter(OncePerRequestFilter.java:116)
	at org.springframework.security.web.FilterChainProxy$VirtualFilterChain.doFilter(FilterChainProxy.java:374)
	at org.springframework.security.web.authentication.logout.LogoutFilter.doFilter(LogoutFilter.java:107)
	at org.springframework.security.web.authentication.logout.LogoutFilter.doFilter(LogoutFilter.java:93)
	at org.springframework.security.web.FilterChainProxy$VirtualFilterChain.doFilter(FilterChainProxy.java:374)
	at org.springframework.web.filter.CorsFilter.doFilterInternal(CorsFilter.java:91)
	at org.springframework.web.filter.OncePerRequestFilter.doFilter(OncePerRequestFilter.java:116)
	at org.springframework.security.web.FilterChainProxy$VirtualFilterChain.doFilter(FilterChainProxy.java:374)
	at org.springframework.security.web.header.HeaderWriterFilter.doHeadersAfter(HeaderWriterFilter.java:90)
	at org.springframework.security.web.header.HeaderWriterFilter.doFilterInternal(HeaderWriterFilter.java:75)
	at org.springframework.web.filter.OncePerRequestFilter.doFilter(OncePerRequestFilter.java:116)
	at org.springframework.security.web.FilterChainProxy$VirtualFilterChain.doFilter(FilterChainProxy.java:374)
	at org.springframework.security.web.context.SecurityContextHolderFilter.doFilter(SecurityContextHolderFilter.java:82)
	at org.springframework.security.web.context.SecurityContextHolderFilter.doFilter(SecurityContextHolderFilter.java:69)
	at org.springframework.security.web.FilterChainProxy$VirtualFilterChain.doFilter(FilterChainProxy.java:374)
	at org.springframework.security.web.context.request.async.WebAsyncManagerIntegrationFilter.doFilterInternal(WebAsyncManagerIntegrationFilter.java:62)
	at org.springframework.web.filter.OncePerRequestFilter.doFilter(OncePerRequestFilter.java:116)
	at org.springframework.security.web.FilterChainProxy$VirtualFilterChain.doFilter(FilterChainProxy.java:374)
	at org.springframework.security.web.session.DisableEncodeUrlFilter.doFilterInternal(DisableEncodeUrlFilter.java:42)
	at org.springframework.web.filter.OncePerRequestFilter.doFilter(OncePerRequestFilter.java:116)
	at org.springframework.security.web.FilterChainProxy$VirtualFilterChain.doFilter(FilterChainProxy.java:374)
	at org.springframework.security.web.FilterChainProxy.doFilterInternal(FilterChainProxy.java:233)
	at org.springframework.security.web.FilterChainProxy.doFilter(FilterChainProxy.java:191)
	at org.springframework.web.filter.CompositeFilter$VirtualFilterChain.doFilter(CompositeFilter.java:113)
	at org.springframework.web.filter.ServletRequestPathFilter.doFilter(ServletRequestPathFilter.java:52)
	at org.springframework.web.filter.CompositeFilter$VirtualFilterChain.doFilter(CompositeFilter.java:113)
	at org.springframework.web.filter.CompositeFilter.doFilter(CompositeFilter.java:74)
	at org.springframework.security.config.annotation.web.configuration.WebSecurityConfiguration$CompositeFilterChainProxy.doFilter(WebSecurityConfiguration.java:319)
	at org.springframework.web.filter.CompositeFilter$VirtualFilterChain.doFilter(CompositeFilter.java:113)
	at org.springframework.web.servlet.handler.HandlerMappingIntrospector.lambda$createCacheFilter$4(HandlerMappingIntrospector.java:267)
	at org.springframework.web.filter.CompositeFilter$VirtualFilterChain.doFilter(CompositeFilter.java:113)
	at org.springframework.web.filter.CompositeFilter.doFilter(CompositeFilter.java:74)
	at org.springframework.security.config.annotation.web.configuration.WebMvcSecurityConfiguration$CompositeFilterChainProxy.doFilter(WebMvcSecurityConfiguration.java:240)
	at org.springframework.web.filter.DelegatingFilterProxy.invokeDelegate(DelegatingFilterProxy.java:362)
	at org.springframework.web.filter.DelegatingFilterProxy.doFilter(DelegatingFilterProxy.java:278)
	at org.apache.catalina.core.ApplicationFilterChain.internalDoFilter(ApplicationFilterChain.java:164)
	at org.apache.catalina.core.ApplicationFilterChain.doFilter(ApplicationFilterChain.java:140)
	at org.springframework.web.filter.CharacterEncodingFilter.doFilterInternal(CharacterEncodingFilter.java:201)
	at org.springframework.web.filter.OncePerRequestFilter.doFilter(OncePerRequestFilter.java:116)
	at org.apache.catalina.core.ApplicationFilterChain.internalDoFilter(ApplicationFilterChain.java:164)
	at org.apache.catalina.core.ApplicationFilterChain.doFilter(ApplicationFilterChain.java:140)
	at org.apache.catalina.core.StandardWrapperValve.invoke(StandardWrapperValve.java:167)
	at org.apache.catalina.core.StandardContextValve.invoke(StandardContextValve.java:90)
	at org.apache.catalina.authenticator.AuthenticatorBase.invoke(AuthenticatorBase.java:483)
	at org.apache.catalina.core.StandardHostValve.invoke(StandardHostValve.java:116)
	at org.apache.catalina.valves.ErrorReportValve.invoke(ErrorReportValve.java:93)
	at org.apache.catalina.core.StandardEngineValve.invoke(StandardEngineValve.java:74)
	at org.apache.catalina.connector.CoyoteAdapter.service(CoyoteAdapter.java:344)
	at org.apache.coyote.http11.Http11Processor.service(Http11Processor.java:398)
	at org.apache.coyote.AbstractProcessorLight.process(AbstractProcessorLight.java:63)
	at org.apache.coyote.AbstractProtocol$ConnectionHandler.process(AbstractProtocol.java:903)
	at org.apache.tomcat.util.net.NioEndpoint$SocketProcessor.doRun(NioEndpoint.java:1769)
	at org.apache.tomcat.util.net.SocketProcessorBase.run(SocketProcessorBase.java:52)
	at org.apache.tomcat.util.threads.ThreadPoolExecutor.runWorker(ThreadPoolExecutor.java:1189)
	at org.apache.tomcat.util.threads.ThreadPoolExecutor$Worker.run(ThreadPoolExecutor.java:658)
	at org.apache.tomcat.util.threads.TaskThread$WrappingRunnable.run(TaskThread.java:63)
	at java.base/java.lang.Thread.run(Thread.java:1575)
2025-06-30 13:36:38 [http-nio-8080-exec-4] INFO  c.P.server.controller.AuthController - Signin attempt for user: rky
2025-06-30 13:36:38 [http-nio-8080-exec-4] ERROR c.P.server.controller.AuthController - Authentication failed for user: rky
org.springframework.security.authentication.BadCredentialsException: Bad credentials
	at org.springframework.security.authentication.dao.DaoAuthenticationProvider.additionalAuthenticationChecks(DaoAuthenticationProvider.java:107)
	at org.springframework.security.authentication.dao.AbstractUserDetailsAuthenticationProvider.authenticate(AbstractUserDetailsAuthenticationProvider.java:150)
	at org.springframework.security.authentication.ProviderManager.authenticate(ProviderManager.java:182)
	at com.PeerProbeAI.server.controller.AuthController.authenticateUser(AuthController.java:49)
	at java.base/jdk.internal.reflect.DirectMethodHandleAccessor.invoke(DirectMethodHandleAccessor.java:103)
	at java.base/java.lang.reflect.Method.invoke(Method.java:580)
	at org.springframework.web.method.support.InvocableHandlerMethod.doInvoke(InvocableHandlerMethod.java:258)
	at org.springframework.web.method.support.InvocableHandlerMethod.invokeForRequest(InvocableHandlerMethod.java:191)
	at org.springframework.web.servlet.mvc.method.annotation.ServletInvocableHandlerMethod.invokeAndHandle(ServletInvocableHandlerMethod.java:118)
	at org.springframework.web.servlet.mvc.method.annotation.RequestMappingHandlerAdapter.invokeHandlerMethod(RequestMappingHandlerAdapter.java:986)
	at org.springframework.web.servlet.mvc.method.annotation.RequestMappingHandlerAdapter.handleInternal(RequestMappingHandlerAdapter.java:891)
	at org.springframework.web.servlet.mvc.method.AbstractHandlerMethodAdapter.handle(AbstractHandlerMethodAdapter.java:87)
	at org.springframework.web.servlet.DispatcherServlet.doDispatch(DispatcherServlet.java:1089)
	at org.springframework.web.servlet.DispatcherServlet.doService(DispatcherServlet.java:979)
	at org.springframework.web.servlet.FrameworkServlet.processRequest(FrameworkServlet.java:1014)
	at org.springframework.web.servlet.FrameworkServlet.doPost(FrameworkServlet.java:914)
	at jakarta.servlet.http.HttpServlet.service(HttpServlet.java:590)
	at org.springframework.web.servlet.FrameworkServlet.service(FrameworkServlet.java:885)
	at jakarta.servlet.http.HttpServlet.service(HttpServlet.java:658)
	at org.apache.catalina.core.ApplicationFilterChain.internalDoFilter(ApplicationFilterChain.java:195)
	at org.apache.catalina.core.ApplicationFilterChain.doFilter(ApplicationFilterChain.java:140)
	at org.apache.tomcat.websocket.server.WsFilter.doFilter(WsFilter.java:51)
	at org.apache.catalina.core.ApplicationFilterChain.internalDoFilter(ApplicationFilterChain.java:164)
	at org.apache.catalina.core.ApplicationFilterChain.doFilter(ApplicationFilterChain.java:140)
	at org.springframework.web.filter.OncePerRequestFilter.doFilter(OncePerRequestFilter.java:110)
	at org.apache.catalina.core.ApplicationFilterChain.internalDoFilter(ApplicationFilterChain.java:164)
	at org.apache.catalina.core.ApplicationFilterChain.doFilter(ApplicationFilterChain.java:140)
	at org.springframework.web.filter.CompositeFilter$VirtualFilterChain.doFilter(CompositeFilter.java:108)
	at org.springframework.web.filter.CompositeFilter$VirtualFilterChain.doFilter(CompositeFilter.java:108)
	at org.springframework.security.web.FilterChainProxy.lambda$doFilterInternal$3(FilterChainProxy.java:231)
	at org.springframework.security.web.FilterChainProxy$VirtualFilterChain.doFilter(FilterChainProxy.java:365)
	at org.springframework.security.web.access.intercept.AuthorizationFilter.doFilter(AuthorizationFilter.java:101)
	at org.springframework.security.web.FilterChainProxy$VirtualFilterChain.doFilter(FilterChainProxy.java:374)
	at org.springframework.security.web.access.ExceptionTranslationFilter.doFilter(ExceptionTranslationFilter.java:125)
	at org.springframework.security.web.access.ExceptionTranslationFilter.doFilter(ExceptionTranslationFilter.java:119)
	at org.springframework.security.web.FilterChainProxy$VirtualFilterChain.doFilter(FilterChainProxy.java:374)
	at org.springframework.security.web.session.SessionManagementFilter.doFilter(SessionManagementFilter.java:131)
	at org.springframework.security.web.session.SessionManagementFilter.doFilter(SessionManagementFilter.java:85)
	at org.springframework.security.web.FilterChainProxy$VirtualFilterChain.doFilter(FilterChainProxy.java:374)
	at org.springframework.security.web.authentication.AnonymousAuthenticationFilter.doFilter(AnonymousAuthenticationFilter.java:100)
	at org.springframework.security.web.FilterChainProxy$VirtualFilterChain.doFilter(FilterChainProxy.java:374)
	at org.springframework.security.web.servletapi.SecurityContextHolderAwareRequestFilter.doFilter(SecurityContextHolderAwareRequestFilter.java:179)
	at org.springframework.security.web.FilterChainProxy$VirtualFilterChain.doFilter(FilterChainProxy.java:374)
	at org.springframework.security.web.savedrequest.RequestCacheAwareFilter.doFilter(RequestCacheAwareFilter.java:63)
	at org.springframework.security.web.FilterChainProxy$VirtualFilterChain.doFilter(FilterChainProxy.java:374)
	at com.PeerProbeAI.server.config.JwtAuthenticationFilter.doFilterInternal(JwtAuthenticationFilter.java:57)
	at org.springframework.web.filter.OncePerRequestFilter.doFilter(OncePerRequestFilter.java:116)
	at org.springframework.security.web.FilterChainProxy$VirtualFilterChain.doFilter(FilterChainProxy.java:374)
	at org.springframework.security.web.authentication.logout.LogoutFilter.doFilter(LogoutFilter.java:107)
	at org.springframework.security.web.authentication.logout.LogoutFilter.doFilter(LogoutFilter.java:93)
	at org.springframework.security.web.FilterChainProxy$VirtualFilterChain.doFilter(FilterChainProxy.java:374)
	at org.springframework.web.filter.CorsFilter.doFilterInternal(CorsFilter.java:91)
	at org.springframework.web.filter.OncePerRequestFilter.doFilter(OncePerRequestFilter.java:116)
	at org.springframework.security.web.FilterChainProxy$VirtualFilterChain.doFilter(FilterChainProxy.java:374)
	at org.springframework.security.web.header.HeaderWriterFilter.doHeadersAfter(HeaderWriterFilter.java:90)
	at org.springframework.security.web.header.HeaderWriterFilter.doFilterInternal(HeaderWriterFilter.java:75)
	at org.springframework.web.filter.OncePerRequestFilter.doFilter(OncePerRequestFilter.java:116)
	at org.springframework.security.web.FilterChainProxy$VirtualFilterChain.doFilter(FilterChainProxy.java:374)
	at org.springframework.security.web.context.SecurityContextHolderFilter.doFilter(SecurityContextHolderFilter.java:82)
	at org.springframework.security.web.context.SecurityContextHolderFilter.doFilter(SecurityContextHolderFilter.java:69)
	at org.springframework.security.web.FilterChainProxy$VirtualFilterChain.doFilter(FilterChainProxy.java:374)
	at org.springframework.security.web.context.request.async.WebAsyncManagerIntegrationFilter.doFilterInternal(WebAsyncManagerIntegrationFilter.java:62)
	at org.springframework.web.filter.OncePerRequestFilter.doFilter(OncePerRequestFilter.java:116)
	at org.springframework.security.web.FilterChainProxy$VirtualFilterChain.doFilter(FilterChainProxy.java:374)
	at org.springframework.security.web.session.DisableEncodeUrlFilter.doFilterInternal(DisableEncodeUrlFilter.java:42)
	at org.springframework.web.filter.OncePerRequestFilter.doFilter(OncePerRequestFilter.java:116)
	at org.springframework.security.web.FilterChainProxy$VirtualFilterChain.doFilter(FilterChainProxy.java:374)
	at org.springframework.security.web.FilterChainProxy.doFilterInternal(FilterChainProxy.java:233)
	at org.springframework.security.web.FilterChainProxy.doFilter(FilterChainProxy.java:191)
	at org.springframework.web.filter.CompositeFilter$VirtualFilterChain.doFilter(CompositeFilter.java:113)
	at org.springframework.web.filter.ServletRequestPathFilter.doFilter(ServletRequestPathFilter.java:52)
	at org.springframework.web.filter.CompositeFilter$VirtualFilterChain.doFilter(CompositeFilter.java:113)
	at org.springframework.web.filter.CompositeFilter.doFilter(CompositeFilter.java:74)
	at org.springframework.security.config.annotation.web.configuration.WebSecurityConfiguration$CompositeFilterChainProxy.doFilter(WebSecurityConfiguration.java:319)
	at org.springframework.web.filter.CompositeFilter$VirtualFilterChain.doFilter(CompositeFilter.java:113)
	at org.springframework.web.servlet.handler.HandlerMappingIntrospector.lambda$createCacheFilter$4(HandlerMappingIntrospector.java:267)
	at org.springframework.web.filter.CompositeFilter$VirtualFilterChain.doFilter(CompositeFilter.java:113)
	at org.springframework.web.filter.CompositeFilter.doFilter(CompositeFilter.java:74)
	at org.springframework.security.config.annotation.web.configuration.WebMvcSecurityConfiguration$CompositeFilterChainProxy.doFilter(WebMvcSecurityConfiguration.java:240)
	at org.springframework.web.filter.DelegatingFilterProxy.invokeDelegate(DelegatingFilterProxy.java:362)
	at org.springframework.web.filter.DelegatingFilterProxy.doFilter(DelegatingFilterProxy.java:278)
	at org.apache.catalina.core.ApplicationFilterChain.internalDoFilter(ApplicationFilterChain.java:164)
	at org.apache.catalina.core.ApplicationFilterChain.doFilter(ApplicationFilterChain.java:140)
	at org.springframework.web.filter.CharacterEncodingFilter.doFilterInternal(CharacterEncodingFilter.java:201)
	at org.springframework.web.filter.OncePerRequestFilter.doFilter(OncePerRequestFilter.java:116)
	at org.apache.catalina.core.ApplicationFilterChain.internalDoFilter(ApplicationFilterChain.java:164)
	at org.apache.catalina.core.ApplicationFilterChain.doFilter(ApplicationFilterChain.java:140)
	at org.apache.catalina.core.StandardWrapperValve.invoke(StandardWrapperValve.java:167)
	at org.apache.catalina.core.StandardContextValve.invoke(StandardContextValve.java:90)
	at org.apache.catalina.authenticator.AuthenticatorBase.invoke(AuthenticatorBase.java:483)
	at org.apache.catalina.core.StandardHostValve.invoke(StandardHostValve.java:116)
	at org.apache.catalina.valves.ErrorReportValve.invoke(ErrorReportValve.java:93)
	at org.apache.catalina.core.StandardEngineValve.invoke(StandardEngineValve.java:74)
	at org.apache.catalina.connector.CoyoteAdapter.service(CoyoteAdapter.java:344)
	at org.apache.coyote.http11.Http11Processor.service(Http11Processor.java:398)
	at org.apache.coyote.AbstractProcessorLight.process(AbstractProcessorLight.java:63)
	at org.apache.coyote.AbstractProtocol$ConnectionHandler.process(AbstractProtocol.java:903)
	at org.apache.tomcat.util.net.NioEndpoint$SocketProcessor.doRun(NioEndpoint.java:1769)
	at org.apache.tomcat.util.net.SocketProcessorBase.run(SocketProcessorBase.java:52)
	at org.apache.tomcat.util.threads.ThreadPoolExecutor.runWorker(ThreadPoolExecutor.java:1189)
	at org.apache.tomcat.util.threads.ThreadPoolExecutor$Worker.run(ThreadPoolExecutor.java:658)
	at org.apache.tomcat.util.threads.TaskThread$WrappingRunnable.run(TaskThread.java:63)
	at java.base/java.lang.Thread.run(Thread.java:1575)
2025-06-30 13:36:53 [http-nio-8080-exec-6] INFO  c.P.server.controller.AuthController - Signin attempt for user: rky
2025-06-30 13:36:53 [http-nio-8080-exec-6] INFO  c.P.server.controller.AuthController - Authentication successful for user: rky
2025-06-30 13:36:53 [http-nio-8080-exec-6] INFO  c.P.server.controller.AuthController - Generating JWT token...
2025-06-30 13:36:53 [http-nio-8080-exec-6] INFO  c.P.server.security.JwtUtils - Starting JWT generation for authentication principal
2025-06-30 13:36:53 [http-nio-8080-exec-6] DEBUG c.P.server.security.JwtUtils - Username: rky
2025-06-30 13:36:53 [http-nio-8080-exec-6] DEBUG c.P.server.security.JwtUtils - Issued at: Mon Jun 30 13:36:53 IST 2025
2025-06-30 13:36:53 [http-nio-8080-exec-6] DEBUG c.P.server.security.JwtUtils - Expiration at: Tue Jul 01 13:36:53 IST 2025
2025-06-30 13:36:53 [http-nio-8080-exec-6] DEBUG c.P.server.security.JwtUtils - Generating signing key from secret
2025-06-30 13:36:53 [http-nio-8080-exec-6] DEBUG c.P.server.security.JwtUtils - Signing key generated successfully
2025-06-30 13:36:53 [http-nio-8080-exec-6] INFO  c.P.server.security.JwtUtils - JWT generated successfully
2025-06-30 13:36:53 [http-nio-8080-exec-6] INFO  c.P.server.controller.AuthController - JWT token generated: eyJhbGciOiJIUzUxMiJ9.eyJzdWIiOiJya3kiLCJpYXQiOjE3NTEyNzA4MTMsImV4cCI6MTc1MTM1NzIxM30.lVv-CsV2v3JiiEiU8ebkTYCWSjUgFQGKUmMHnaE39BvwA5QntyHzZAglI2VB0JqdqRgY_hhb2g_kCegUNqCzCw
2025-06-30 13:36:53 [http-nio-8080-exec-6] INFO  c.P.server.controller.AuthController - Getting UserDetailsImpl from Authentication principal...
2025-06-30 13:36:53 [http-nio-8080-exec-6] INFO  c.P.server.controller.AuthController - Principal class: com.PeerProbeAI.server.security.UserDetailsImpl
2025-06-30 13:36:53 [http-nio-8080-exec-6] INFO  c.P.server.controller.AuthController - Building role list...
2025-06-30 13:36:53 [http-nio-8080-exec-6] INFO  c.P.server.controller.AuthController - Returning JwtResponse...
2025-06-30 13:36:53 [http-nio-8080-exec-10] INFO  c.P.server.security.JwtUtils - Validating JWT token
2025-06-30 13:36:53 [http-nio-8080-exec-10] DEBUG c.P.server.security.JwtUtils - Generating signing key from secret
2025-06-30 13:36:53 [http-nio-8080-exec-10] DEBUG c.P.server.security.JwtUtils - Signing key generated successfully
2025-06-30 13:36:53 [http-nio-8080-exec-10] INFO  c.P.server.security.JwtUtils - JWT token is valid
2025-06-30 13:36:53 [http-nio-8080-exec-10] INFO  c.P.server.security.JwtUtils - Extracting username from JWT token
2025-06-30 13:36:53 [http-nio-8080-exec-10] DEBUG c.P.server.security.JwtUtils - Generating signing key from secret
2025-06-30 13:36:53 [http-nio-8080-exec-10] DEBUG c.P.server.security.JwtUtils - Signing key generated successfully
2025-06-30 13:36:53 [http-nio-8080-exec-10] DEBUG c.P.server.security.JwtUtils - Username extracted: rky
2025-06-30 13:36:53 [http-nio-8080-exec-10] INFO  c.P.server.security.JwtUtils - Extracting username from JWT token
2025-06-30 13:36:53 [http-nio-8080-exec-10] DEBUG c.P.server.security.JwtUtils - Generating signing key from secret
2025-06-30 13:36:53 [http-nio-8080-exec-10] DEBUG c.P.server.security.JwtUtils - Signing key generated successfully
2025-06-30 13:36:53 [http-nio-8080-exec-10] DEBUG c.P.server.security.JwtUtils - Username extracted: rky
2025-06-30 13:36:53 [http-nio-8080-exec-9] INFO  c.P.server.security.JwtUtils - Validating JWT token
2025-06-30 13:36:53 [http-nio-8080-exec-9] DEBUG c.P.server.security.JwtUtils - Generating signing key from secret
2025-06-30 13:36:53 [http-nio-8080-exec-9] DEBUG c.P.server.security.JwtUtils - Signing key generated successfully
2025-06-30 13:36:53 [http-nio-8080-exec-9] INFO  c.P.server.security.JwtUtils - JWT token is valid
2025-06-30 13:36:53 [http-nio-8080-exec-9] INFO  c.P.server.security.JwtUtils - Extracting username from JWT token
2025-06-30 13:36:53 [http-nio-8080-exec-9] DEBUG c.P.server.security.JwtUtils - Generating signing key from secret
2025-06-30 13:36:53 [http-nio-8080-exec-9] DEBUG c.P.server.security.JwtUtils - Signing key generated successfully
2025-06-30 13:36:53 [http-nio-8080-exec-9] DEBUG c.P.server.security.JwtUtils - Username extracted: rky
2025-06-30 13:36:53 [http-nio-8080-exec-9] INFO  c.P.server.security.JwtUtils - Extracting username from JWT token
2025-06-30 13:36:53 [http-nio-8080-exec-9] DEBUG c.P.server.security.JwtUtils - Generating signing key from secret
2025-06-30 13:36:53 [http-nio-8080-exec-9] DEBUG c.P.server.security.JwtUtils - Signing key generated successfully
2025-06-30 13:36:53 [http-nio-8080-exec-9] DEBUG c.P.server.security.JwtUtils - Username extracted: rky
2025-06-30 13:38:28 [http-nio-8080-exec-5] INFO  c.P.server.security.JwtUtils - Validating JWT token
2025-06-30 13:38:28 [http-nio-8080-exec-5] DEBUG c.P.server.security.JwtUtils - Generating signing key from secret
2025-06-30 13:38:28 [http-nio-8080-exec-5] DEBUG c.P.server.security.JwtUtils - Signing key generated successfully
2025-06-30 13:38:28 [http-nio-8080-exec-5] INFO  c.P.server.security.JwtUtils - JWT token is valid
2025-06-30 13:38:28 [http-nio-8080-exec-5] INFO  c.P.server.security.JwtUtils - Extracting username from JWT token
2025-06-30 13:38:28 [http-nio-8080-exec-5] DEBUG c.P.server.security.JwtUtils - Generating signing key from secret
2025-06-30 13:38:28 [http-nio-8080-exec-5] DEBUG c.P.server.security.JwtUtils - Signing key generated successfully
2025-06-30 13:38:28 [http-nio-8080-exec-5] DEBUG c.P.server.security.JwtUtils - Username extracted: rky
2025-06-30 13:38:28 [http-nio-8080-exec-5] INFO  c.P.server.security.JwtUtils - Extracting username from JWT token
2025-06-30 13:38:28 [http-nio-8080-exec-5] DEBUG c.P.server.security.JwtUtils - Generating signing key from secret
2025-06-30 13:38:28 [http-nio-8080-exec-5] DEBUG c.P.server.security.JwtUtils - Signing key generated successfully
2025-06-30 13:38:28 [http-nio-8080-exec-5] DEBUG c.P.server.security.JwtUtils - Username extracted: rky
2025-06-30 13:38:28 [http-nio-8080-exec-6] INFO  c.P.server.security.JwtUtils - Validating JWT token
2025-06-30 13:38:28 [http-nio-8080-exec-6] DEBUG c.P.server.security.JwtUtils - Generating signing key from secret
2025-06-30 13:38:28 [http-nio-8080-exec-6] DEBUG c.P.server.security.JwtUtils - Signing key generated successfully
2025-06-30 13:38:28 [http-nio-8080-exec-6] INFO  c.P.server.security.JwtUtils - JWT token is valid
2025-06-30 13:38:28 [http-nio-8080-exec-6] INFO  c.P.server.security.JwtUtils - Extracting username from JWT token
2025-06-30 13:38:28 [http-nio-8080-exec-6] DEBUG c.P.server.security.JwtUtils - Generating signing key from secret
2025-06-30 13:38:28 [http-nio-8080-exec-6] DEBUG c.P.server.security.JwtUtils - Signing key generated successfully
2025-06-30 13:38:28 [http-nio-8080-exec-6] DEBUG c.P.server.security.JwtUtils - Username extracted: rky
2025-06-30 13:38:28 [http-nio-8080-exec-6] INFO  c.P.server.security.JwtUtils - Extracting username from JWT token
2025-06-30 13:38:28 [http-nio-8080-exec-6] DEBUG c.P.server.security.JwtUtils - Generating signing key from secret
2025-06-30 13:38:28 [http-nio-8080-exec-6] DEBUG c.P.server.security.JwtUtils - Signing key generated successfully
2025-06-30 13:38:28 [http-nio-8080-exec-6] DEBUG c.P.server.security.JwtUtils - Username extracted: rky
2025-06-30 14:41:03 [http-nio-8080-exec-2] INFO  c.P.server.security.JwtUtils - Validating JWT token
2025-06-30 14:41:03 [http-nio-8080-exec-2] DEBUG c.P.server.security.JwtUtils - Generating signing key from secret
2025-06-30 14:41:03 [http-nio-8080-exec-2] DEBUG c.P.server.security.JwtUtils - Signing key generated successfully
2025-06-30 14:41:03 [http-nio-8080-exec-2] INFO  c.P.server.security.JwtUtils - JWT token is valid
2025-06-30 14:41:03 [http-nio-8080-exec-2] INFO  c.P.server.security.JwtUtils - Extracting username from JWT token
2025-06-30 14:41:03 [http-nio-8080-exec-2] DEBUG c.P.server.security.JwtUtils - Generating signing key from secret
2025-06-30 14:41:03 [http-nio-8080-exec-2] DEBUG c.P.server.security.JwtUtils - Signing key generated successfully
2025-06-30 14:41:03 [http-nio-8080-exec-2] DEBUG c.P.server.security.JwtUtils - Username extracted: rky
2025-06-30 14:41:04 [http-nio-8080-exec-2] INFO  c.P.server.security.JwtUtils - Extracting username from JWT token
2025-06-30 14:41:04 [http-nio-8080-exec-2] DEBUG c.P.server.security.JwtUtils - Generating signing key from secret
2025-06-30 14:41:04 [http-nio-8080-exec-2] DEBUG c.P.server.security.JwtUtils - Signing key generated successfully
2025-06-30 14:41:04 [http-nio-8080-exec-2] DEBUG c.P.server.security.JwtUtils - Username extracted: rky
2025-06-30 14:41:04 [http-nio-8080-exec-1] INFO  c.P.server.security.JwtUtils - Validating JWT token
2025-06-30 14:41:04 [http-nio-8080-exec-1] DEBUG c.P.server.security.JwtUtils - Generating signing key from secret
2025-06-30 14:41:04 [http-nio-8080-exec-1] DEBUG c.P.server.security.JwtUtils - Signing key generated successfully
2025-06-30 14:41:04 [http-nio-8080-exec-1] INFO  c.P.server.security.JwtUtils - JWT token is valid
2025-06-30 14:41:04 [http-nio-8080-exec-1] INFO  c.P.server.security.JwtUtils - Extracting username from JWT token
2025-06-30 14:41:04 [http-nio-8080-exec-1] DEBUG c.P.server.security.JwtUtils - Generating signing key from secret
2025-06-30 14:41:04 [http-nio-8080-exec-1] DEBUG c.P.server.security.JwtUtils - Signing key generated successfully
2025-06-30 14:41:04 [http-nio-8080-exec-1] DEBUG c.P.server.security.JwtUtils - Username extracted: rky
2025-06-30 14:41:04 [http-nio-8080-exec-1] INFO  c.P.server.security.JwtUtils - Extracting username from JWT token
2025-06-30 14:41:04 [http-nio-8080-exec-1] DEBUG c.P.server.security.JwtUtils - Generating signing key from secret
2025-06-30 14:41:04 [http-nio-8080-exec-1] DEBUG c.P.server.security.JwtUtils - Signing key generated successfully
2025-06-30 14:41:04 [http-nio-8080-exec-1] DEBUG c.P.server.security.JwtUtils - Username extracted: rky
